Arguments: 
  C:\Program Files\nodejs\node.exe C:\Users\zhanj\AppData\Roaming\npm\node_modules\yarn\bin\yarn.js install --production --ignore-optional --silent

PATH: 
  C:\Users\zhanj\bin;C:\Program Files\Git\mingw64\bin;C:\Program Files\Git\usr\local\bin;C:\Program Files\Git\usr\bin;C:\Program Files\Git\usr\bin;C:\Program Files\Git\mingw64\bin;C:\Program Files\Git\usr\bin;C:\Users\zhanj\bin;C:\ProgramData\Oracle\Java\javapath;C:\Program Files\Java\jdk-11.0.2\bin;C:\Program Files\Broadcom\Broadcom 802.11 Network Adapter;C:\Program Files (x86)\Common Files\NetSarang;F:\opencv\build\x64\vc14\bin;C:\windows\system32;C:\WINDOWS\system32;C:\WINDOWS;C:\WINDOWS\System32\Wbem;C:\WINDOWS\System32\WindowsPowerShell\v1.0;C:\WINDOWS\System32\OpenSSH;C:\Program Files (x86)\Calibre2;C:\Program Files\Microsoft VS Code\bin;F:\04.code\01.C++\mingw\bin;C:\Program Files (x86)\MySQL\MySQL Server 5.7\bin;C:\Program Files (x86)\AMD\ATI.ACE\Core-Static;C:\Program Files (x86)\Bluetooth Command Line Tools\bin;C:\Python\Python37-32\Lib\site-packages;C:\Program Files\nodejs;F:\apache-maven-3.8.1-bin\apache-maven-3.8.1\bin;C:\Program Files\Git\cmd;C:\Program Files\dotnet;G:\Users\zhanj\anaconda3;G:\Users\zhanj\anaconda3\Library\mingw-w64\bin;G:\Users\zhanj\anaconda3\Library\usr\bin;G:\Users\zhanj\anaconda3\Library\bin;G:\Users\zhanj\anaconda3\Scripts;C:\Python\Python37-32\Scripts;C:\Python\Python37-32;C:\Users\zhanj\AppData\Local\Microsoft\WindowsApps;F:\Program Files (x86)\OpenCV\lib;F:\Program Files (x86)\opencv3.0\opencv\build\x64\vc14\bin;F:\Program Files (x86)\OpenCV\bin;C:\windows\system32;G:\PyCharm Community Edition 2019.1.3\bin;C:\Users\zhanj\AppData\Local\Pandoc;C:\texlive\2020\bin\win32;G:\Program Files\JetBrains\IntelliJ IDEA 2019.3.3\bin;G:\Program Files\JetBrains\PyCharm 2020.1\bin;C:\Users\zhanj\AppData\Roaming\npm;C:\Users\zhanj\AppData\Local\GitHubDesktop\bin;G:\Programs\Microsoft VS Code\bin;C:\Program Files\Git\usr\bin\vendor_perl;C:\Program Files\Git\usr\bin\core_perl

Yarn version: 
  1.22.19

Node version: 
  14.17.1

Platform: 
  win32 x64

Trace: 
  Error: connect ETIMEDOUT 104.16.27.34:443
      at TCPConnectWrap.afterConnect [as oncomplete] (net.js:1148:16)

npm manifest: 
  {
    "name": "hexo-site",
    "version": "0.0.0",
    "private": true,
    "scripts": {
      "build": "hexo generate",
      "clean": "hexo clean",
      "deploy": "hexo deploy",
      "server": "hexo server"
    },
    "hexo": {
      "version": ""
    },
    "dependencies": {
      "hexo": "^5.0.0",
      "hexo-generator-archive": "^1.0.0",
      "hexo-generator-category": "^1.0.0",
      "hexo-generator-index": "^2.0.0",
      "hexo-generator-tag": "^1.0.0",
      "hexo-renderer-ejs": "^1.0.0",
      "hexo-renderer-marked": "^4.0.0",
      "hexo-renderer-stylus": "^2.0.0",
      "hexo-server": "^2.0.0",
      "hexo-theme-landscape": "^0.0.3"
    }
  }

yarn manifest: 
  No manifest

Lockfile: 
  No lockfile
